<?xml version="1.0" encoding="UTF-8"?>
<!-- Generated by org.testng.reporters.JUnitReportReporter -->
<testsuite hostname="Mangesh" failures="0" tests="2" name="tests.LoginTest" time="5.077" errors="0" timestamp="2022-08-08T12:41:55 IST" skipped="0">
  <testcase classname="tests.LoginTest" name="verifybuttontext" time="0.046"/>
  <system-out/>
  <testcase classname="tests.LoginTest" name="login" time="5.031"/>
  <system-out/>
</testsuite> <!-- tests.LoginTest -->
