<?xml version="1.0" encoding="UTF-8"?>
<!-- Generated by org.testng.reporters.JUnitReportReporter -->
<testsuite hostname="Mangesh" failures="0" tests="2" name="tests.HomePageTest" time="2.608" errors="0" timestamp="2022-08-08T12:41:55 IST" skipped="0">
  <testcase classname="tests.HomePageTest" name="goToTab" time="1.359"/>
  <system-out/>
  <testcase classname="tests.HomePageTest" name="logout" time="1.249"/>
  <system-out/>
</testsuite> <!-- tests.HomePageTest -->
